2012/10/08 20:06:44 [warning] [application] Failed to set unsafe attribute "orderlist" of "Article".
in D:\Dropbox\www\imuyun\protected\controllers\ArticleController.php (433)
in D:\Dropbox\www\imuyun\protected\controllers\ArticleController.php (221)
in D:\Dropbox\www\imuyun\index.php (16)
2012/10/08 20:06:44 [warning] [application] Failed to set unsafe attribute "subject" of "Article".
in D:\Dropbox\www\imuyun\protected\controllers\ArticleController.php (433)
in D:\Dropbox\www\imuyun\protected\controllers\ArticleController.php (221)
in D:\Dropbox\www\imuyun\index.php (16)
2012/10/08 20:06:44 [warning] [application] Failed to set unsafe attribute "artcont" of "Article".
in D:\Dropbox\www\imuyun\protected\controllers\ArticleController.php (433)
in D:\Dropbox\www\imuyun\protected\controllers\ArticleController.php (221)
in D:\Dropbox\www\imuyun\index.php (16)
2012/10/08 20:07:03 [warning] [application] Failed to set unsafe attribute "orderlist" of "Article".
in D:\Dropbox\www\imuyun\protected\controllers\ArticleController.php (433)
in D:\Dropbox\www\imuyun\protected\controllers\ArticleController.php (221)
in D:\Dropbox\www\imuyun\index.php (16)
2012/10/08 20:07:03 [warning] [application] Failed to set unsafe attribute "subject" of "Article".
in D:\Dropbox\www\imuyun\protected\controllers\ArticleController.php (433)
in D:\Dropbox\www\imuyun\protected\controllers\ArticleController.php (221)
in D:\Dropbox\www\imuyun\index.php (16)
2012/10/08 20:07:03 [warning] [application] Failed to set unsafe attribute "artcont" of "Article".
in D:\Dropbox\www\imuyun\protected\controllers\ArticleController.php (433)
in D:\Dropbox\www\imuyun\protected\controllers\ArticleController.php (221)
in D:\Dropbox\www\imuyun\index.php (16)
2012/10/08 20:07:12 [warning] [application] Failed to set unsafe attribute "orderlist" of "Article".
in D:\Dropbox\www\imuyun\protected\controllers\ArticleController.php (433)
in D:\Dropbox\www\imuyun\protected\controllers\ArticleController.php (221)
in D:\Dropbox\www\imuyun\index.php (16)
2012/10/08 20:07:12 [warning] [application] Failed to set unsafe attribute "subject" of "Article".
in D:\Dropbox\www\imuyun\protected\controllers\ArticleController.php (433)
in D:\Dropbox\www\imuyun\protected\controllers\ArticleController.php (221)
in D:\Dropbox\www\imuyun\index.php (16)
2012/10/08 20:07:12 [warning] [application] Failed to set unsafe attribute "artcont" of "Article".
in D:\Dropbox\www\imuyun\protected\controllers\ArticleController.php (433)
in D:\Dropbox\www\imuyun\protected\controllers\ArticleController.php (221)
in D:\Dropbox\www\imuyun\index.php (16)
2012/10/08 20:07:24 [warning] [application] Failed to set unsafe attribute "orderlist" of "Article".
in D:\Dropbox\www\imuyun\protected\controllers\ArticleController.php (433)
in D:\Dropbox\www\imuyun\protected\controllers\ArticleController.php (221)
in D:\Dropbox\www\imuyun\index.php (16)
2012/10/08 20:07:24 [warning] [application] Failed to set unsafe attribute "subject" of "Article".
in D:\Dropbox\www\imuyun\protected\controllers\ArticleController.php (433)
in D:\Dropbox\www\imuyun\protected\controllers\ArticleController.php (221)
in D:\Dropbox\www\imuyun\index.php (16)
2012/10/08 20:07:24 [warning] [application] Failed to set unsafe attribute "artcont" of "Article".
in D:\Dropbox\www\imuyun\protected\controllers\ArticleController.php (433)
in D:\Dropbox\www\imuyun\protected\controllers\ArticleController.php (221)
in D:\Dropbox\www\imuyun\index.php (16)
2012/10/08 20:07:36 [warning] [application] Failed to set unsafe attribute "orderlist" of "Article".
in D:\Dropbox\www\imuyun\protected\controllers\ArticleController.php (433)
in D:\Dropbox\www\imuyun\protected\controllers\ArticleController.php (221)
in D:\Dropbox\www\imuyun\index.php (16)
2012/10/08 20:07:36 [warning] [application] Failed to set unsafe attribute "subject" of "Article".
in D:\Dropbox\www\imuyun\protected\controllers\ArticleController.php (433)
in D:\Dropbox\www\imuyun\protected\controllers\ArticleController.php (221)
in D:\Dropbox\www\imuyun\index.php (16)
2012/10/08 20:07:36 [warning] [application] Failed to set unsafe attribute "artcont" of "Article".
in D:\Dropbox\www\imuyun\protected\controllers\ArticleController.php (433)
in D:\Dropbox\www\imuyun\protected\controllers\ArticleController.php (221)
in D:\Dropbox\www\imuyun\index.php (16)
2012/10/08 20:08:01 [warning] [application] Failed to set unsafe attribute "orderlist" of "Article".
in D:\Dropbox\www\imuyun\protected\controllers\ArticleController.php (433)
in D:\Dropbox\www\imuyun\protected\controllers\ArticleController.php (221)
in D:\Dropbox\www\imuyun\index.php (16)
2012/10/08 20:08:01 [warning] [application] Failed to set unsafe attribute "subject" of "Article".
in D:\Dropbox\www\imuyun\protected\controllers\ArticleController.php (433)
in D:\Dropbox\www\imuyun\protected\controllers\ArticleController.php (221)
in D:\Dropbox\www\imuyun\index.php (16)
2012/10/08 20:08:01 [warning] [application] Failed to set unsafe attribute "artcont" of "Article".
in D:\Dropbox\www\imuyun\protected\controllers\ArticleController.php (433)
in D:\Dropbox\www\imuyun\protected\controllers\ArticleController.php (221)
in D:\Dropbox\www\imuyun\index.php (16)
2012/10/08 20:12:38 [warning] [application] Failed to set unsafe attribute "orderlist" of "Article".
in D:\Dropbox\www\imuyun\protected\controllers\ArticleController.php (433)
in D:\Dropbox\www\imuyun\protected\controllers\ArticleController.php (221)
in D:\Dropbox\www\imuyun\index.php (16)
2012/10/08 20:12:38 [warning] [application] Failed to set unsafe attribute "subject" of "Article".
in D:\Dropbox\www\imuyun\protected\controllers\ArticleController.php (433)
in D:\Dropbox\www\imuyun\protected\controllers\ArticleController.php (221)
in D:\Dropbox\www\imuyun\index.php (16)
2012/10/08 20:12:38 [warning] [application] Failed to set unsafe attribute "artcont" of "Article".
in D:\Dropbox\www\imuyun\protected\controllers\ArticleController.php (433)
in D:\Dropbox\www\imuyun\protected\controllers\ArticleController.php (221)
in D:\Dropbox\www\imuyun\index.php (16)
2012/10/08 20:13:42 [warning] [application] Failed to set unsafe attribute "orderlist" of "Article".
in D:\Dropbox\www\imuyun\protected\controllers\ArticleController.php (433)
in D:\Dropbox\www\imuyun\protected\controllers\ArticleController.php (221)
in D:\Dropbox\www\imuyun\index.php (16)
2012/10/08 20:13:42 [warning] [application] Failed to set unsafe attribute "subject" of "Article".
in D:\Dropbox\www\imuyun\protected\controllers\ArticleController.php (433)
in D:\Dropbox\www\imuyun\protected\controllers\ArticleController.php (221)
in D:\Dropbox\www\imuyun\index.php (16)
2012/10/08 20:13:42 [warning] [application] Failed to set unsafe attribute "artcont" of "Article".
in D:\Dropbox\www\imuyun\protected\controllers\ArticleController.php (433)
in D:\Dropbox\www\imuyun\protected\controllers\ArticleController.php (221)
in D:\Dropbox\www\imuyun\index.php (16)
2012/10/08 20:14:07 [warning] [application] Failed to set unsafe attribute "orderlist" of "Article".
in D:\Dropbox\www\imuyun\protected\controllers\ArticleController.php (433)
in D:\Dropbox\www\imuyun\protected\controllers\ArticleController.php (221)
in D:\Dropbox\www\imuyun\index.php (16)
2012/10/08 20:14:07 [warning] [application] Failed to set unsafe attribute "subject" of "Article".
in D:\Dropbox\www\imuyun\protected\controllers\ArticleController.php (433)
in D:\Dropbox\www\imuyun\protected\controllers\ArticleController.php (221)
in D:\Dropbox\www\imuyun\index.php (16)
2012/10/08 20:14:07 [warning] [application] Failed to set unsafe attribute "artcont" of "Article".
in D:\Dropbox\www\imuyun\protected\controllers\ArticleController.php (433)
in D:\Dropbox\www\imuyun\protected\controllers\ArticleController.php (221)
in D:\Dropbox\www\imuyun\index.php (16)
2012/10/08 20:14:20 [warning] [application] Failed to set unsafe attribute "orderlist" of "Article".
in D:\Dropbox\www\imuyun\protected\controllers\ArticleController.php (433)
in D:\Dropbox\www\imuyun\protected\controllers\ArticleController.php (221)
in D:\Dropbox\www\imuyun\index.php (16)
2012/10/08 20:14:20 [warning] [application] Failed to set unsafe attribute "subject" of "Article".
in D:\Dropbox\www\imuyun\protected\controllers\ArticleController.php (433)
in D:\Dropbox\www\imuyun\protected\controllers\ArticleController.php (221)
in D:\Dropbox\www\imuyun\index.php (16)
2012/10/08 20:14:20 [warning] [application] Failed to set unsafe attribute "artcont" of "Article".
in D:\Dropbox\www\imuyun\protected\controllers\ArticleController.php (433)
in D:\Dropbox\www\imuyun\protected\controllers\ArticleController.php (221)
in D:\Dropbox\www\imuyun\index.php (16)
2012/10/08 20:14:53 [warning] [application] Failed to set unsafe attribute "orderlist" of "Article".
in D:\Dropbox\www\imuyun\protected\controllers\ArticleController.php (433)
in D:\Dropbox\www\imuyun\protected\controllers\ArticleController.php (221)
in D:\Dropbox\www\imuyun\index.php (16)
2012/10/08 20:14:53 [warning] [application] Failed to set unsafe attribute "subject" of "Article".
in D:\Dropbox\www\imuyun\protected\controllers\ArticleController.php (433)
in D:\Dropbox\www\imuyun\protected\controllers\ArticleController.php (221)
in D:\Dropbox\www\imuyun\index.php (16)
2012/10/08 20:14:53 [warning] [application] Failed to set unsafe attribute "artcont" of "Article".
in D:\Dropbox\www\imuyun\protected\controllers\ArticleController.php (433)
in D:\Dropbox\www\imuyun\protected\controllers\ArticleController.php (221)
in D:\Dropbox\www\imuyun\index.php (16)
2012/10/08 20:15:00 [warning] [application] Failed to set unsafe attribute "orderlist" of "Article".
in D:\Dropbox\www\imuyun\protected\controllers\ArticleController.php (433)
in D:\Dropbox\www\imuyun\protected\controllers\ArticleController.php (221)
in D:\Dropbox\www\imuyun\index.php (16)
2012/10/08 20:15:00 [warning] [application] Failed to set unsafe attribute "subject" of "Article".
in D:\Dropbox\www\imuyun\protected\controllers\ArticleController.php (433)
in D:\Dropbox\www\imuyun\protected\controllers\ArticleController.php (221)
in D:\Dropbox\www\imuyun\index.php (16)
2012/10/08 20:15:00 [warning] [application] Failed to set unsafe attribute "artcont" of "Article".
in D:\Dropbox\www\imuyun\protected\controllers\ArticleController.php (433)
in D:\Dropbox\www\imuyun\protected\controllers\ArticleController.php (221)
in D:\Dropbox\www\imuyun\index.php (16)
2012/10/08 20:15:12 [warning] [application] Failed to set unsafe attribute "orderlist" of "Article".
in D:\Dropbox\www\imuyun\protected\controllers\ArticleController.php (433)
in D:\Dropbox\www\imuyun\protected\controllers\ArticleController.php (221)
in D:\Dropbox\www\imuyun\index.php (16)
2012/10/08 20:15:12 [warning] [application] Failed to set unsafe attribute "subject" of "Article".
in D:\Dropbox\www\imuyun\protected\controllers\ArticleController.php (433)
in D:\Dropbox\www\imuyun\protected\controllers\ArticleController.php (221)
in D:\Dropbox\www\imuyun\index.php (16)
2012/10/08 20:15:12 [warning] [application] Failed to set unsafe attribute "artcont" of "Article".
in D:\Dropbox\www\imuyun\protected\controllers\ArticleController.php (433)
in D:\Dropbox\www\imuyun\protected\controllers\ArticleController.php (221)
in D:\Dropbox\www\imuyun\index.php (16)
2012/10/08 20:15:45 [warning] [application] Failed to set unsafe attribute "orderlist" of "Article".
in D:\Dropbox\www\imuyun\protected\controllers\ArticleController.php (433)
in D:\Dropbox\www\imuyun\protected\controllers\ArticleController.php (221)
in D:\Dropbox\www\imuyun\index.php (16)
2012/10/08 20:15:45 [warning] [application] Failed to set unsafe attribute "subject" of "Article".
in D:\Dropbox\www\imuyun\protected\controllers\ArticleController.php (433)
in D:\Dropbox\www\imuyun\protected\controllers\ArticleController.php (221)
in D:\Dropbox\www\imuyun\index.php (16)
2012/10/08 20:15:45 [warning] [application] Failed to set unsafe attribute "artcont" of "Article".
in D:\Dropbox\www\imuyun\protected\controllers\ArticleController.php (433)
in D:\Dropbox\www\imuyun\protected\controllers\ArticleController.php (221)
in D:\Dropbox\www\imuyun\index.php (16)
2012/10/08 20:15:52 [warning] [application] Failed to set unsafe attribute "orderlist" of "Article".
in D:\Dropbox\www\imuyun\protected\controllers\ArticleController.php (433)
in D:\Dropbox\www\imuyun\protected\controllers\ArticleController.php (221)
in D:\Dropbox\www\imuyun\index.php (16)
2012/10/08 20:15:52 [warning] [application] Failed to set unsafe attribute "subject" of "Article".
in D:\Dropbox\www\imuyun\protected\controllers\ArticleController.php (433)
in D:\Dropbox\www\imuyun\protected\controllers\ArticleController.php (221)
in D:\Dropbox\www\imuyun\index.php (16)
2012/10/08 20:15:52 [warning] [application] Failed to set unsafe attribute "artcont" of "Article".
in D:\Dropbox\www\imuyun\protected\controllers\ArticleController.php (433)
in D:\Dropbox\www\imuyun\protected\controllers\ArticleController.php (221)
in D:\Dropbox\www\imuyun\index.php (16)
2012/10/08 20:16:07 [warning] [application] Failed to set unsafe attribute "orderlist" of "Article".
in D:\Dropbox\www\imuyun\protected\controllers\ArticleController.php (433)
in D:\Dropbox\www\imuyun\protected\controllers\ArticleController.php (221)
in D:\Dropbox\www\imuyun\index.php (16)
2012/10/08 20:16:07 [warning] [application] Failed to set unsafe attribute "subject" of "Article".
in D:\Dropbox\www\imuyun\protected\controllers\ArticleController.php (433)
in D:\Dropbox\www\imuyun\protected\controllers\ArticleController.php (221)
in D:\Dropbox\www\imuyun\index.php (16)
2012/10/08 20:16:07 [warning] [application] Failed to set unsafe attribute "artcont" of "Article".
in D:\Dropbox\www\imuyun\protected\controllers\ArticleController.php (433)
in D:\Dropbox\www\imuyun\protected\controllers\ArticleController.php (221)
in D:\Dropbox\www\imuyun\index.php (16)
2012/10/08 20:16:31 [warning] [application] Failed to set unsafe attribute "orderlist" of "Article".
in D:\Dropbox\www\imuyun\protected\controllers\ArticleController.php (433)
in D:\Dropbox\www\imuyun\protected\controllers\ArticleController.php (221)
in D:\Dropbox\www\imuyun\index.php (16)
2012/10/08 20:16:31 [warning] [application] Failed to set unsafe attribute "subject" of "Article".
in D:\Dropbox\www\imuyun\protected\controllers\ArticleController.php (433)
in D:\Dropbox\www\imuyun\protected\controllers\ArticleController.php (221)
in D:\Dropbox\www\imuyun\index.php (16)
2012/10/08 20:16:31 [warning] [application] Failed to set unsafe attribute "artcont" of "Article".
in D:\Dropbox\www\imuyun\protected\controllers\ArticleController.php (433)
in D:\Dropbox\www\imuyun\protected\controllers\ArticleController.php (221)
in D:\Dropbox\www\imuyun\index.php (16)
2012/10/08 20:16:51 [warning] [application] Failed to set unsafe attribute "orderlist" of "Article".
in D:\Dropbox\www\imuyun\protected\controllers\ArticleController.php (433)
in D:\Dropbox\www\imuyun\protected\controllers\ArticleController.php (221)
in D:\Dropbox\www\imuyun\index.php (16)
2012/10/08 20:16:51 [warning] [application] Failed to set unsafe attribute "subject" of "Article".
in D:\Dropbox\www\imuyun\protected\controllers\ArticleController.php (433)
in D:\Dropbox\www\imuyun\protected\controllers\ArticleController.php (221)
in D:\Dropbox\www\imuyun\index.php (16)
2012/10/08 20:16:51 [warning] [application] Failed to set unsafe attribute "artcont" of "Article".
in D:\Dropbox\www\imuyun\protected\controllers\ArticleController.php (433)
in D:\Dropbox\www\imuyun\protected\controllers\ArticleController.php (221)
in D:\Dropbox\www\imuyun\index.php (16)
2012/10/08 20:16:59 [warning] [application] Failed to set unsafe attribute "orderlist" of "Article".
in D:\Dropbox\www\imuyun\protected\controllers\ArticleController.php (433)
in D:\Dropbox\www\imuyun\protected\controllers\ArticleController.php (221)
in D:\Dropbox\www\imuyun\index.php (16)
2012/10/08 20:16:59 [warning] [application] Failed to set unsafe attribute "subject" of "Article".
in D:\Dropbox\www\imuyun\protected\controllers\ArticleController.php (433)
in D:\Dropbox\www\imuyun\protected\controllers\ArticleController.php (221)
in D:\Dropbox\www\imuyun\index.php (16)
2012/10/08 20:16:59 [warning] [application] Failed to set unsafe attribute "artcont" of "Article".
in D:\Dropbox\www\imuyun\protected\controllers\ArticleController.php (433)
in D:\Dropbox\www\imuyun\protected\controllers\ArticleController.php (221)
in D:\Dropbox\www\imuyun\index.php (16)
2012/10/08 20:17:37 [warning] [application] Failed to set unsafe attribute "orderlist" of "Article".
in D:\Dropbox\www\imuyun\protected\controllers\ArticleController.php (433)
in D:\Dropbox\www\imuyun\protected\controllers\ArticleController.php (221)
in D:\Dropbox\www\imuyun\index.php (16)
2012/10/08 20:17:37 [warning] [application] Failed to set unsafe attribute "subject" of "Article".
in D:\Dropbox\www\imuyun\protected\controllers\ArticleController.php (433)
in D:\Dropbox\www\imuyun\protected\controllers\ArticleController.php (221)
in D:\Dropbox\www\imuyun\index.php (16)
2012/10/08 20:17:37 [warning] [application] Failed to set unsafe attribute "artcont" of "Article".
in D:\Dropbox\www\imuyun\protected\controllers\ArticleController.php (433)
in D:\Dropbox\www\imuyun\protected\controllers\ArticleController.php (221)
in D:\Dropbox\www\imuyun\index.php (16)
2012/10/08 20:17:48 [warning] [application] Failed to set unsafe attribute "orderlist" of "Article".
in D:\Dropbox\www\imuyun\protected\controllers\ArticleController.php (433)
in D:\Dropbox\www\imuyun\protected\controllers\ArticleController.php (221)
in D:\Dropbox\www\imuyun\index.php (16)
2012/10/08 20:17:48 [warning] [application] Failed to set unsafe attribute "subject" of "Article".
in D:\Dropbox\www\imuyun\protected\controllers\ArticleController.php (433)
in D:\Dropbox\www\imuyun\protected\controllers\ArticleController.php (221)
in D:\Dropbox\www\imuyun\index.php (16)
2012/10/08 20:17:48 [warning] [application] Failed to set unsafe attribute "artcont" of "Article".
in D:\Dropbox\www\imuyun\protected\controllers\ArticleController.php (433)
in D:\Dropbox\www\imuyun\protected\controllers\ArticleController.php (221)
in D:\Dropbox\www\imuyun\index.php (16)
2012/10/08 20:22:44 [warning] [application] Failed to set unsafe attribute "orderlist" of "Article".
in D:\Dropbox\www\imuyun\protected\controllers\ArticleController.php (433)
in D:\Dropbox\www\imuyun\protected\controllers\ArticleController.php (221)
in D:\Dropbox\www\imuyun\index.php (16)
2012/10/08 20:22:44 [warning] [application] Failed to set unsafe attribute "subject" of "Article".
in D:\Dropbox\www\imuyun\protected\controllers\ArticleController.php (433)
in D:\Dropbox\www\imuyun\protected\controllers\ArticleController.php (221)
in D:\Dropbox\www\imuyun\index.php (16)
2012/10/08 20:22:44 [warning] [application] Failed to set unsafe attribute "artcont" of "Article".
in D:\Dropbox\www\imuyun\protected\controllers\ArticleController.php (433)
in D:\Dropbox\www\imuyun\protected\controllers\ArticleController.php (221)
in D:\Dropbox\www\imuyun\index.php (16)
2012/10/08 20:23:28 [warning] [application] Failed to set unsafe attribute "orderlist" of "Article".
in D:\Dropbox\www\imuyun\protected\controllers\ArticleController.php (433)
in D:\Dropbox\www\imuyun\protected\controllers\ArticleController.php (221)
in D:\Dropbox\www\imuyun\index.php (16)
2012/10/08 20:23:28 [warning] [application] Failed to set unsafe attribute "subject" of "Article".
in D:\Dropbox\www\imuyun\protected\controllers\ArticleController.php (433)
in D:\Dropbox\www\imuyun\protected\controllers\ArticleController.php (221)
in D:\Dropbox\www\imuyun\index.php (16)
2012/10/08 20:23:28 [warning] [application] Failed to set unsafe attribute "artcont" of "Article".
in D:\Dropbox\www\imuyun\protected\controllers\ArticleController.php (433)
in D:\Dropbox\www\imuyun\protected\controllers\ArticleController.php (221)
in D:\Dropbox\www\imuyun\index.php (16)
2012/10/08 20:23:40 [warning] [application] Failed to set unsafe attribute "orderlist" of "Article".
in D:\Dropbox\www\imuyun\protected\controllers\ArticleController.php (433)
in D:\Dropbox\www\imuyun\protected\controllers\ArticleController.php (221)
in D:\Dropbox\www\imuyun\index.php (16)
2012/10/08 20:23:40 [warning] [application] Failed to set unsafe attribute "subject" of "Article".
in D:\Dropbox\www\imuyun\protected\controllers\ArticleController.php (433)
in D:\Dropbox\www\imuyun\protected\controllers\ArticleController.php (221)
in D:\Dropbox\www\imuyun\index.php (16)
2012/10/08 20:23:40 [warning] [application] Failed to set unsafe attribute "artcont" of "Article".
in D:\Dropbox\www\imuyun\protected\controllers\ArticleController.php (433)
in D:\Dropbox\www\imuyun\protected\controllers\ArticleController.php (221)
in D:\Dropbox\www\imuyun\index.php (16)
2012/10/08 20:23:55 [warning] [application] Failed to set unsafe attribute "orderlist" of "Article".
in D:\Dropbox\www\imuyun\protected\controllers\ArticleController.php (433)
in D:\Dropbox\www\imuyun\protected\controllers\ArticleController.php (221)
in D:\Dropbox\www\imuyun\index.php (16)
2012/10/08 20:23:55 [warning] [application] Failed to set unsafe attribute "subject" of "Article".
in D:\Dropbox\www\imuyun\protected\controllers\ArticleController.php (433)
in D:\Dropbox\www\imuyun\protected\controllers\ArticleController.php (221)
in D:\Dropbox\www\imuyun\index.php (16)
2012/10/08 20:23:55 [warning] [application] Failed to set unsafe attribute "artcont" of "Article".
in D:\Dropbox\www\imuyun\protected\controllers\ArticleController.php (433)
in D:\Dropbox\www\imuyun\protected\controllers\ArticleController.php (221)
in D:\Dropbox\www\imuyun\index.php (16)
2012/10/08 20:24:24 [warning] [application] Failed to set unsafe attribute "orderlist" of "Article".
in D:\Dropbox\www\imuyun\protected\controllers\ArticleController.php (433)
in D:\Dropbox\www\imuyun\protected\controllers\ArticleController.php (221)
in D:\Dropbox\www\imuyun\index.php (16)
2012/10/08 20:24:24 [warning] [application] Failed to set unsafe attribute "subject" of "Article".
in D:\Dropbox\www\imuyun\protected\controllers\ArticleController.php (433)
in D:\Dropbox\www\imuyun\protected\controllers\ArticleController.php (221)
in D:\Dropbox\www\imuyun\index.php (16)
2012/10/08 20:24:24 [warning] [application] Failed to set unsafe attribute "artcont" of "Article".
in D:\Dropbox\www\imuyun\protected\controllers\ArticleController.php (433)
in D:\Dropbox\www\imuyun\protected\controllers\ArticleController.php (221)
in D:\Dropbox\www\imuyun\index.php (16)
2012/10/08 20:25:15 [warning] [application] Failed to set unsafe attribute "orderlist" of "Article".
in D:\Dropbox\www\imuyun\protected\controllers\ArticleController.php (433)
in D:\Dropbox\www\imuyun\protected\controllers\ArticleController.php (221)
in D:\Dropbox\www\imuyun\index.php (16)
2012/10/08 20:25:15 [warning] [application] Failed to set unsafe attribute "subject" of "Article".
in D:\Dropbox\www\imuyun\protected\controllers\ArticleController.php (433)
in D:\Dropbox\www\imuyun\protected\controllers\ArticleController.php (221)
in D:\Dropbox\www\imuyun\index.php (16)
2012/10/08 20:25:15 [warning] [application] Failed to set unsafe attribute "artcont" of "Article".
in D:\Dropbox\www\imuyun\protected\controllers\ArticleController.php (433)
in D:\Dropbox\www\imuyun\protected\controllers\ArticleController.php (221)
in D:\Dropbox\www\imuyun\index.php (16)
